# JRE version: Java(TM) SE Runtime Environment (9.0+11) (build 9.0.4+11)
# Java VM: Java HotSpot(TM) 64-Bit Server VM (9.0.4+11, mixed mode, tiered, compressed oops, g1 gc, windows-amd64)
Heap:
 garbage-first heap   total 429056K, used 130564K [0x00000004d5400000, 0x00000004d5500d18, 0x0000000595400000)
  region size 1024K, 3 young (3072K), 0 survivors (0K)
 Metaspace       used 102847K, capacity 110340K, committed 110592K, reserved 1142784K
  class space    used 15278K, capacity 16544K, committed 16640K, reserved 1048576K
GC Heap History (10 events):
Event: 1721.947 GC heap before
{Heap before GC invocations=369 (full 61):
 garbage-first heap   total 393216K, used 196316K [0x00000004d5400000, 0x00000004d5500c00, 0x0000000595400000)
  region size 1024K, 60 young (61440K), 4 survivors (4096K)
 Metaspace       used 102835K, capacity 110340K, committed 110592K, reserved 1142784K
  class space    used 15278K, capacity 16544K, committed 16640K, reserved 1048576K
}
Event: 1721.954 GC heap after
{Heap after GC invocations=370 (full 61):
 garbage-first heap   total 393216K, used 139332K [0x00000004d5400000, 0x00000004d5500c00, 0x0000000595400000)
  region size 1024K, 4 young (4096K), 4 survivors (4096K)
 Metaspace       used 102835K, capacity 110340K, committed 110592K, reserved 1142784K
  class space    used 15278K, capacity 16544K, committed 16640K, reserved 1048576K
}
Event: 1722.123 GC heap before
{Heap before GC invocations=370 (full 61):
 garbage-first heap   total 393216K, used 196676K [0x00000004d5400000, 0x00000004d5500c00, 0x0000000595400000)
  region size 1024K, 60 young (61440K), 4 survivors (4096K)
 Metaspace       used 102835K, capacity 110340K, committed 110592K, reserved 1142784K
  class space    used 15278K, capacity 16544K, committed 16640K, reserved 1048576K
}
Event: 1722.130 GC heap after
{Heap after GC invocations=371 (full 61):
 garbage-first heap   total 393216K, used 139162K [0x00000004d5400000, 0x00000004d5500c00, 0x0000000595400000)
  region size 1024K, 4 young (4096K), 4 survivors (4096K)
 Metaspace       used 102835K, capacity 110340K, committed 110592K, reserved 1142784K
  class space    used 15278K, capacity 16544K, committed 16640K, reserved 1048576K
}
Event: 1722.393 GC heap before
{Heap before GC invocations=371 (full 61):
 garbage-first heap   total 393216K, used 196506K [0x00000004d5400000, 0x00000004d5500c00, 0x0000000595400000)
  region size 1024K, 60 young (61440K), 4 survivors (4096K)
 Metaspace       used 102835K, capacity 110340K, committed 110592K, reserved 1142784K
  class space    used 15278K, capacity 16544K, committed 16640K, reserved 1048576K
}
Event: 1722.400 GC heap after
{Heap after GC invocations=372 (full 61):
 garbage-first heap   total 393216K, used 139200K [0x00000004d5400000, 0x00000004d5500c00, 0x0000000595400000)
  region size 1024K, 4 young (4096K), 4 survivors (4096K)
 Metaspace       used 102835K, capacity 110340K, committed 110592K, reserved 1142784K
  class space    used 15278K, capacity 16544K, committed 16640K, reserved 1048576K
}
Event: 1722.638 GC heap before
{Heap before GC invocations=372 (full 61):
 garbage-first heap   total 393216K, used 196544K [0x00000004d5400000, 0x00000004d5500c00, 0x0000000595400000)
  region size 1024K, 60 young (61440K), 4 survivors (4096K)
 Metaspace       used 102835K, capacity 110340K, committed 110592K, reserved 1142784K
  class space    used 15278K, capacity 16544K, committed 16640K, reserved 1048576K
}
Event: 1722.647 GC heap after
{Heap after GC invocations=373 (full 61):
 garbage-first heap   total 472064K, used 139223K [0x00000004d5400000, 0x00000004d5500e68, 0x0000000595400000)
  region size 1024K, 4 young (4096K), 4 survivors (4096K)
 Metaspace       used 102835K, capacity 110340K, committed 110592K, reserved 1142784K
  class space    used 15278K, capacity 16544K, committed 16640K, reserved 1048576K
}
Event: 1725.811 GC heap before
{Heap before GC invocations=373 (full 61):
 garbage-first heap   total 472064K, used 194519K [0x00000004d5400000, 0x00000004d5500e68, 0x0000000595400000)
  region size 1024K, 59 young (60416K), 4 survivors (4096K)
 Metaspace       used 102845K, capacity 110340K, committed 110592K, reserved 1142784K
  class space    used 15278K, capacity 16544K, committed 16640K, reserved 1048576K
}
Event: 1726.261 GC heap after
{Heap after GC invocations=374 (full 62):
 garbage-first heap   total 429056K, used 128516K [0x00000004d5400000, 0x00000004d5500d18, 0x0000000595400000)
  region size 1024K, 0 young (0K), 0 survivors (0K)
 Metaspace       used 102845K, capacity 110340K, committed 110592K, reserved 1142784K
  class space    used 15278K, capacity 16544K, committed 16640K, reserved 1048576K
}

